750
1
28
993 586
858 246
462
81
450
137 335
30 927
147 930
23
707
251
794 882
596
825 353
567
153 69
344 207
109
494 630
423
756
899
583 769
452 224
87
820
111
339 587
481 762
25
211
99 384
550
602
38
125
570
951
327 535
241
832 161
225
236 698
881 343
179
409 398
370
200 466
482 633
49 637
368 806
159
350 715
290 172
588
404
302
367
261
472
997
300
573 810
89
924
70
154
873 946
483
286
78
442
103
817 117
134 793
770 824
34
150 883
475 175
808 828
115 271
768
800 131
255
247
856 979
145
162 618
855
208
35
852
620 968
8 598
524 399
358
242 152
13
645
230
497
609 818
113
216
298
511 306
209
606
148
777
245
11
210
446
19
406
391
622 198
908
470 945
729
984 128
746
106
712
536
814 54
644
936
51 84
309
551
90
932 981
231 660
9
405 965
178
903 484
956 82
704
6 582
32 918
619 190
279
27 902
196
410 510
624 957
436
93 709
991 310
847 884
689 838
182 628
3
835 288
912 487
682
138 897
681 47
4
516
167
265
387
823
799
654
460
840 752
60
553 659
40 580
197
91 322
169 916
528 478
45
469 418
522 974
48
721 892
165 595
364
947 2
879 102
675 545
833 338
227 171
913
252 711
629
543 749
893
320
98
626
744 985
140
347
982 635
638
937 789
889
316
301
272
314
894 403
736
860
133 248
5
490 390
120
341 53
228
556
923
281
614
176
735 782
323
795 523
444 257
686 237
22
318 498
441
775
7
371 710
695 590
222
378
52 432
612 250
514
333
430
507
461 395
92
861 558
939
797 699
971
571 71
616
12 359
39
75
625 876
393
805 503
166
328
776
173 76
105 191
275
728
703 961
213
533
454 214
121
671
201
724
189
988 666
311
243 941
591
513 86
605
16
964
10 64
433
157 758
846 940
193
155 68
141
973 375
156 266
50
994
296
977 632
41
479
365 234
485
88 324
451
745
921
803
424 910
43
110
801 385
297 366
312
407 55
576
400
760 0
62
127
415 291
217
459 501
411
124 96
723
270 269
532
149
499
274
544 119
21
546
662 331
199 651
203
72 607
129 996
277
254
361
778
332
414 759
416
819
239
458 634
679
181
537 215
457
617 417
615 750
732
886
256 527
283
304 773
714 552
727
463
613
661 97
262 427
505
278
63
219
229
348
439
611
170
268
677
802
139
674 928
435
443 46
640
408 253
726 85
376 676
504
741
942
329
566 774
20 445
755
184
848
24
381
867
767
260
382 163
233
520
530
438 264
716 636
851
455 206
292
534 492
509
188 280
648
114 568
477
557
392 600
815
355 517
969
108 696
559
386 58
664 949
866 126
73
658
471 512
917
136
299
670 700
692
885 683
743
187
388 781
267
112
14
74
100
493
826
890
857 495
995 980
779
963
383 668
678
747
202
468
426 160
739
920 61
975
142
362
342
29
294
401 909
718
354
334
933
356
177
549
287
372 603
754
926
953 428
94 783
960 476
369
330 601
313
402 589
891 720
821
235
761
519
183 449
581 496
352
42
284
998
276
132
101 788
565
525 871
429
249 578
592
862 717
373 95
474 168
83
839
763 238
319
688
907
258
480
220
604
705 577
765 631
663
212
107
340
240
174
349
289 180
643 990
751 57
374
205
259 116
305
665 185
935
413 295
336 465
526
541
737 226
67 542
80 143
929 673
26 37
422 337
972
15 104
456
244 967
508
303
282
669
539
488
836
77
706
865
325
285 464
473
360
849
627
18 563
263 798
584
192
561
647
412
500
642
515
164
434 657
906
396
389
872 816
804
569
943 123
345 731
448
572 529
841 753
502
878
829
623
950
554
560
397
186
351
357
317
232
377
346
540
555
437 579
491
562 218
447 548
771
293
489
992
547 684
687
326
859
575
667
204 999
987
970
952 65
641
594
845
740 901
33
597
837 79
17
905
194
425
394 66
421
725
315
506
730
467
135
308
850
853 911
453
888
843
811
702
697 934
521 221
748
31 898
830
118 564
420
844
646
610
680
593
796 363
690
486
56
787
273 585
691
440
307 868
708
321 599
538
719
122
915 59
962
733
652
785
151 958
672
146 834
431
807
574
978
722
742
649
531
813 685
887
713
896
812
786
738
764
694
938
650
195 419
986
639
880
922
693
621
656
653 919
869
864
827
822
809
380
379
854
842
790
976
701 608
931
792
831
766
784
874
757
791
780
955
954
655
144 36
900
895
944
518 223
925
130 158
863
772
734
875
870
989
983
966
44 904
959
914
877
948
